[  0%] Built target geometry_msgs_generate_messages_py
[  0%] Built target std_msgs_generate_messages_py
[  0%] Built target std_msgs_generate_messages_nodejs
[  0%] Built target std_msgs_generate_messages_eus
[  0%] Built target sensor_msgs_generate_messages_lisp
[  0%] Built target geometry_msgs_generate_messages_nodejs
[  0%] Built target std_msgs_generate_messages_cpp
[  0%] Built target geometry_msgs_generate_messages_eus
[  0%] Built target sensor_msgs_generate_messages_py
[  0%] Built target geometry_msgs_generate_messages_lisp
[  0%] Built target std_msgs_generate_messages_lisp
[  0%] Built target sensor_msgs_generate_messages_cpp
[  0%] Built target sensor_msgs_generate_messages_eus
[  0%] Built target sensor_msgs_generate_messages_nodejs
[  0%] Built target geometry_msgs_generate_messages_cpp
[100%] Built target image_geometry
[36mInstall the project...[0m
-- Install configuration: ""
-- Installing: /home/puzzlebot/ws/install/_setup_util.py
-- Installing: /home/puzzlebot/ws/install/env.sh
-- Installing: /home/puzzlebot/ws/install/setup.bash
-- Installing: /home/puzzlebot/ws/install/local_setup.bash
-- Installing: /home/puzzlebot/ws/install/setup.sh
-- Installing: /home/puzzlebot/ws/install/local_setup.sh
-- Installing: /home/puzzlebot/ws/install/setup.zsh
-- Installing: /home/puzzlebot/ws/install/local_setup.zsh
-- Installing: /home/puzzlebot/ws/install/.rosinstall
-- Up-to-date: /home/puzzlebot/ws/install/lib/pkgconfig/image_geometry.pc
-- Up-to-date: /home/puzzlebot/ws/install/share/image_geometry/cmake/image_geometryConfig.cmake
-- Up-to-date: /home/puzzlebot/ws/install/share/image_geometry/cmake/image_geometryConfig-version.cmake
-- Up-to-date: /home/puzzlebot/ws/install/share/image_geometry/package.xml
+ cd /home/puzzlebot/ws/src/vision_opencv/image_geometry
+ mkdir -p /home/puzzlebot/ws/install/lib/python3/dist-packages
+ /usr/bin/env PYTHONPATH=/home/puzzlebot/ws/install/lib/python3/dist-packages:/home/puzzlebot/ws/build/image_geometry/lib/python3/dist-packages:/home/puzzlebot/ws/install/lib/python3/dist-packages:/opt/ros/melodic/lib/python2.7/dist-packages CATKIN_BINARY_DIR=/home/puzzlebot/ws/build/image_geometry /usr/bin/python3 /home/puzzlebot/ws/src/vision_opencv/image_geometry/setup.py build --build-base /home/puzzlebot/ws/build/image_geometry install --root=/ --install-layout=deb --prefix=/home/puzzlebot/ws/install --install-scripts=/home/puzzlebot/ws/install/bin
running build
running build_py
running install
running install_lib
running install_egg_info
Removing /home/puzzlebot/ws/install/lib/python3/dist-packages/image_geometry-1.13.1.egg-info
Writing /home/puzzlebot/ws/install/lib/python3/dist-packages/image_geometry-1.13.1.egg-info
-- Up-to-date: /home/puzzlebot/ws/install/include/image_geometry/
-- Up-to-date: /home/puzzlebot/ws/install/include/image_geometry//stereo_camera_model.h
-- Up-to-date: /home/puzzlebot/ws/install/include/image_geometry//exports.h
-- Up-to-date: /home/puzzlebot/ws/install/include/image_geometry//pinhole_camera_model.h
-- Up-to-date: /home/puzzlebot/ws/install/lib/libimage_geometry.so
