[01m[K/home/puzzlebot/ws/src/puzzlebot_yolo/src/yolo_node.cpp:[m[K In function ‘[01m[Kvoid serialize_engine(unsigned int, bool&, float&, float&, std::__cxx11::string&, std::__cxx11::string&)[m[K’:
[01m[K/home/puzzlebot/ws/src/puzzlebot_yolo/src/yolo_node.cpp:79:19:[m[K [01;35m[Kwarning: [m[K‘[01m[Kvoid nvinfer1::ICudaEngine::destroy()[m[K’ is deprecated [[01;35m[K-Wdeprecated-declarations[m[K]
   engine->destroy([01;35m[K)[m[K;
                   [01;35m[K^[m[K
In file included from [01m[K/usr/include/aarch64-linux-gnu/NvInfer.h:54:0[m[K,
                 from [01m[K/home/puzzlebot/ws/src/puzzlebot_yolo/libs/yolov5/src/macros.h:4[m[K,
                 from [01m[K/home/puzzlebot/ws/src/puzzlebot_yolo/libs/yolov5/src/logging.h:28[m[K,
                 from [01m[K/home/puzzlebot/ws/src/puzzlebot_yolo/src/yolo_node.cpp:6[m[K:
[01m[K/usr/include/aarch64-linux-gnu/NvInferRuntime.h:1434:25:[m[K [01;36m[Knote: [m[Kdeclared here
     TRT_DEPRECATED void [01;36m[Kdestroy[m[K() noexcept
                         [01;36m[K^~~~~~~[m[K
[01m[K/home/puzzlebot/ws/src/puzzlebot_yolo/src/yolo_node.cpp:80:20:[m[K [01;35m[Kwarning: [m[K‘[01m[Kvoid nvinfer1::IBuilder::destroy()[m[K’ is deprecated [[01;35m[K-Wdeprecated-declarations[m[K]
   builder->destroy([01;35m[K)[m[K;
                    [01;35m[K^[m[K
In file included from [01m[K/home/puzzlebot/ws/src/puzzlebot_yolo/libs/yolov5/src/macros.h:4:0[m[K,
                 from [01m[K/home/puzzlebot/ws/src/puzzlebot_yolo/libs/yolov5/src/logging.h:28[m[K,
                 from [01m[K/home/puzzlebot/ws/src/puzzlebot_yolo/src/yolo_node.cpp:6[m[K:
[01m[K/usr/include/aarch64-linux-gnu/NvInfer.h:7929:25:[m[K [01;36m[Knote: [m[Kdeclared here
     TRT_DEPRECATED void [01;36m[Kdestroy[m[K() noexcept
                         [01;36m[K^~~~~~~[m[K
[01m[K/home/puzzlebot/ws/src/puzzlebot_yolo/src/yolo_node.cpp:81:19:[m[K [01;35m[Kwarning: [m[K‘[01m[Kvoid nvinfer1::IBuilderConfig::destroy()[m[K’ is deprecated [[01;35m[K-Wdeprecated-declarations[m[K]
   config->destroy([01;35m[K)[m[K;
                   [01;35m[K^[m[K
In file included from [01m[K/home/puzzlebot/ws/src/puzzlebot_yolo/libs/yolov5/src/macros.h:4:0[m[K,
                 from [01m[K/home/puzzlebot/ws/src/puzzlebot_yolo/libs/yolov5/src/logging.h:28[m[K,
                 from [01m[K/home/puzzlebot/ws/src/puzzlebot_yolo/src/yolo_node.cpp:6[m[K:
[01m[K/usr/include/aarch64-linux-gnu/NvInfer.h:7535:25:[m[K [01;36m[Knote: [m[Kdeclared here
     TRT_DEPRECATED void [01;36m[Kdestroy[m[K() noexcept
                         [01;36m[K^~~~~~~[m[K
[01m[K/home/puzzlebot/ws/src/puzzlebot_yolo/src/yolo_node.cpp:82:30:[m[K [01;35m[Kwarning: [m[K‘[01m[Kvoid nvinfer1::IHostMemory::destroy()[m[K’ is deprecated [[01;35m[K-Wdeprecated-declarations[m[K]
   serialized_engine->destroy([01;35m[K)[m[K;
                              [01;35m[K^[m[K
In file included from [01m[K/usr/include/aarch64-linux-gnu/NvInfer.h:54:0[m[K,
                 from [01m[K/home/puzzlebot/ws/src/puzzlebot_yolo/libs/yolov5/src/macros.h:4[m[K,
                 from [01m[K/home/puzzlebot/ws/src/puzzlebot_yolo/libs/yolov5/src/logging.h:28[m[K,
                 from [01m[K/home/puzzlebot/ws/src/puzzlebot_yolo/src/yolo_node.cpp:6[m[K:
[01m[K/usr/include/aarch64-linux-gnu/NvInferRuntime.h:199:25:[m[K [01;36m[Knote: [m[Kdeclared here
     TRT_DEPRECATED void [01;36m[Kdestroy[m[K() noexcept
                         [01;36m[K^~~~~~~[m[K
[01m[K/home/puzzlebot/ws/src/puzzlebot_yolo/src/yolo_node.cpp:[m[K In function ‘[01m[Kint main(int, char**)[m[K’:
[01m[K/home/puzzlebot/ws/src/puzzlebot_yolo/src/yolo_node.cpp:177:20:[m[K [01;35m[Kwarning: [m[K‘[01m[Kvoid nvinfer1::IExecutionContext::destroy()[m[K’ is deprecated [[01;35m[K-Wdeprecated-declarations[m[K]
   context->destroy([01;35m[K)[m[K;
                    [01;35m[K^[m[K
In file included from [01m[K/usr/include/aarch64-linux-gnu/NvInfer.h:54:0[m[K,
                 from [01m[K/home/puzzlebot/ws/src/puzzlebot_yolo/libs/yolov5/src/macros.h:4[m[K,
                 from [01m[K/home/puzzlebot/ws/src/puzzlebot_yolo/libs/yolov5/src/logging.h:28[m[K,
                 from [01m[K/home/puzzlebot/ws/src/puzzlebot_yolo/src/yolo_node.cpp:6[m[K:
[01m[K/usr/include/aarch64-linux-gnu/NvInferRuntime.h:1888:25:[m[K [01;36m[Knote: [m[Kdeclared here
     TRT_DEPRECATED void [01;36m[Kdestroy[m[K() noexcept
                         [01;36m[K^~~~~~~[m[K
[01m[K/home/puzzlebot/ws/src/puzzlebot_yolo/src/yolo_node.cpp:178:19:[m[K [01;35m[Kwarning: [m[K‘[01m[Kvoid nvinfer1::ICudaEngine::destroy()[m[K’ is deprecated [[01;35m[K-Wdeprecated-declarations[m[K]
   engine->destroy([01;35m[K)[m[K;
                   [01;35m[K^[m[K
In file included from [01m[K/usr/include/aarch64-linux-gnu/NvInfer.h:54:0[m[K,
                 from [01m[K/home/puzzlebot/ws/src/puzzlebot_yolo/libs/yolov5/src/macros.h:4[m[K,
                 from [01m[K/home/puzzlebot/ws/src/puzzlebot_yolo/libs/yolov5/src/logging.h:28[m[K,
                 from [01m[K/home/puzzlebot/ws/src/puzzlebot_yolo/src/yolo_node.cpp:6[m[K:
[01m[K/usr/include/aarch64-linux-gnu/NvInferRuntime.h:1434:25:[m[K [01;36m[Knote: [m[Kdeclared here
     TRT_DEPRECATED void [01;36m[Kdestroy[m[K() noexcept
                         [01;36m[K^~~~~~~[m[K
[01m[K/home/puzzlebot/ws/src/puzzlebot_yolo/src/yolo_node.cpp:179:20:[m[K [01;35m[Kwarning: [m[K‘[01m[Kvoid nvinfer1::IRuntime::destroy()[m[K’ is deprecated [[01;35m[K-Wdeprecated-declarations[m[K]
   runtime->destroy([01;35m[K)[m[K;
                    [01;35m[K^[m[K
In file included from [01m[K/usr/include/aarch64-linux-gnu/NvInfer.h:54:0[m[K,
                 from [01m[K/home/puzzlebot/ws/src/puzzlebot_yolo/libs/yolov5/src/macros.h:4[m[K,
                 from [01m[K/home/puzzlebot/ws/src/puzzlebot_yolo/libs/yolov5/src/logging.h:28[m[K,
                 from [01m[K/home/puzzlebot/ws/src/puzzlebot_yolo/src/yolo_node.cpp:6[m[K:
[01m[K/usr/include/aarch64-linux-gnu/NvInferRuntime.h:712:25:[m[K [01;36m[Knote: [m[Kdeclared here
     TRT_DEPRECATED void [01;36m[Kdestroy[m[K() noexcept
                         [01;36m[K^~~~~~~[m[K
CMakeFiles/yolo_node.dir/src/yolo_node.cpp.o: In function `serialize_engine(unsigned int, bool&, float&, float&, std::__cxx11::basic_string<char, std::char_traits<char>, std::allocator<char> >&, std::__cxx11::basic_string<char, std::char_traits<char>, std::allocator<char> >&)':
yolo_node.cpp:(.text+0x480): undefined reference to `build_det_p6_engine(unsigned int, nvinfer1::IBuilder*, nvinfer1::IBuilderConfig*, nvinfer1::DataType, float&, float&, std::__cxx11::basic_string<char, std::char_traits<char>, std::allocator<char> >&)'
yolo_node.cpp:(.text+0x4a8): undefined reference to `build_det_engine(unsigned int, nvinfer1::IBuilder*, nvinfer1::IBuilderConfig*, nvinfer1::DataType, float&, float&, std::__cxx11::basic_string<char, std::char_traits<char>, std::allocator<char> >&)'
CMakeFiles/yolo_node.dir/src/yolo_node.cpp.o: In function `run_inference(nvinfer1::IExecutionContext*, cv::Mat&&, float**, float*, CUstream_st*&)':
yolo_node.cpp:(.text+0x964): undefined reference to `cuda_batch_preprocess(std::vector<cv::Mat, std::allocator<cv::Mat> >&, float*, int, int, CUstream_st*)'
yolo_node.cpp:(.text+0xa38): undefined reference to `batch_nms(std::vector<std::vector<Detection, std::allocator<Detection> >, std::allocator<std::vector<Detection, std::allocator<Detection> > > >&, float*, int, int, float, float)'
yolo_node.cpp:(.text+0xa44): undefined reference to `draw_bbox(std::vector<cv::Mat, std::allocator<cv::Mat> >&, std::vector<std::vector<Detection, std::allocator<Detection> >, std::allocator<std::vector<Detection, std::allocator<Detection> > > >&)'
CMakeFiles/yolo_node.dir/src/yolo_node.cpp.o: In function `main':
yolo_node.cpp:(.text+0xcd0): undefined reference to `cuda_preprocess_init(int)'
yolo_node.cpp:(.text+0xee4): undefined reference to `cuda_preprocess_destroy()'
collect2: error: ld returned 1 exit status
make[2]: *** [/home/puzzlebot/ws/devel/.private/puzzlebot_yolo/lib/puzzlebot_yolo/yolo_node] Error 1
make[1]: *** [CMakeFiles/yolo_node.dir/all] Error 2
make: *** [all] Error 2
