-- Using CATKIN_DEVEL_PREFIX: /home/puzzlebot/ws/devel/.private/puzzlebot-odom
-- Using CMAKE_PREFIX_PATH: /home/puzzlebot/ws/install;/home/puzzlebot/catkin_ws/devel;/opt/ros/melodic
-- This workspace overlays: /home/puzzlebot/ws/install;/home/puzzlebot/catkin_ws/devel;/opt/ros/melodic
-- Found PythonInterp: /usr/bin/python3 (found suitable version "3.6.9", minimum required is "2") 
-- Using PYTHON_EXECUTABLE: /usr/bin/python3
-- Using Debian Python package layout
-- Using empy: /usr/bin/empy
-- Using CATKIN_ENABLE_TESTING: ON
-- Call enable_testing()
-- Using CATKIN_TEST_RESULTS_DIR: /home/puzzlebot/ws/build/puzzlebot-odom/test_results
-- Found gtest sources under '/usr/src/googletest': gtests will be built
-- Found gmock sources under '/usr/src/googletest': gmock will be built
-- Found PythonInterp: /usr/bin/python3 (found version "3.6.9") 
-- Using Python nosetests: /usr/bin/nosetests
-- catkin 0.7.29
-- BUILD_SHARED_LIBS is on
-- Using these message generators: gencpp;geneus;genlisp;gennodejs;genpy
-- Configuring done
-- Generating done
-- Build files have been written to: /home/puzzlebot/ws/build/puzzlebot-odom
[35m[1mScanning dependencies of target puzzlebot-odom_odometry_node[0m
[ 50%] [32mBuilding CXX object CMakeFiles/puzzlebot-odom_odometry_node.dir/src/odom_node.cpp.o[0m
[100%] [32m[1mLinking CXX executable /home/puzzlebot/ws/devel/.private/puzzlebot-odom/lib/puzzlebot-odom/puzzlebot-odom_odometry_node[0m
[100%] Built target puzzlebot-odom_odometry_node
