Not searching for unused variables given on the command line.
[36m--[0m Using CATKIN_DEVEL_PREFIX: /home/puzzlebot/ws/devel/.private/puzzlebot_utils
[36m--[0m Using CMAKE_PREFIX_PATH: /home/puzzlebot/ws/install;/home/puzzlebot/catkin_ws/devel;/opt/ros/melodic
[36m--[0m This workspace overlays: /home/puzzlebot/ws/install;/home/puzzlebot/catkin_ws/devel;/opt/ros/melodic
[36m--[0m Found PythonInterp: /usr/bin/python3 (found suitable version "3.6.9", minimum required is "2")
[36m--[0m Using PYTHON_EXECUTABLE: /usr/bin/python3
[36m--[0m Using Debian Python package layout
[36m--[0m Using empy: /usr/bin/empy
[36m--[0m Using CATKIN_ENABLE_TESTING: ON
[36m--[0m Call enable_testing()
[36m--[0m Using CATKIN_TEST_RESULTS_DIR: /home/puzzlebot/ws/build/puzzlebot_utils/test_results
[36m--[0m Found gtest sources under '/usr/src/googletest': gtests will be built
[36m--[0m Found gmock sources under '/usr/src/googletest': gmock will be built
[36m--[0m Found PythonInterp: /usr/bin/python3 (found version "3.6.9")
[36m--[0m Using Python nosetests: /usr/bin/nosetests
[36m--[0m catkin 0.7.29
[36m--[0m BUILD_SHARED_LIBS is on
[31m[1mCMake Error[0m at /opt/ros/melodic/share/catkin/cmake/catkin_package.cmake:305 (message):
  catkin_package() include dir 'include' does not exist relative to
  '/home/puzzlebot/ws/src/puzzlebot_utils'
[36mCall Stack (most recent call first):[0m
  /opt/ros/melodic/share/catkin/cmake/catkin_package.cmake:102 (_catkin_package)
  CMakeLists.txt:107 (catkin_package)


[36m--[0m Configuring incomplete, errors occurred!
See also "/home/puzzlebot/ws/build/puzzlebot_utils/CMakeFiles/CMakeOutput.log".
See also "/home/puzzlebot/ws/build/puzzlebot_utils/CMakeFiles/CMakeError.log".
