[36m--[0m Using CATKIN_DEVEL_PREFIX: /home/puzzlebot/ws/devel/.private/puzzlebot_controller
[36m--[0m Using CMAKE_PREFIX_PATH: /home/puzzlebot/ws/install;/home/puzzlebot/catkin_ws/devel;/opt/ros/melodic
[36m--[0m This workspace overlays: /home/puzzlebot/ws/install;/home/puzzlebot/catkin_ws/devel;/opt/ros/melodic
[36m--[0m Found PythonInterp: /usr/bin/python3 (found suitable version "3.6.9", minimum required is "2")
[36m--[0m Using PYTHON_EXECUTABLE: /usr/bin/python3
[36m--[0m Using Debian Python package layout
[36m--[0m Using empy: /usr/bin/empy
[36m--[0m Using CATKIN_ENABLE_TESTING: ON
[36m--[0m Call enable_testing()
[36m--[0m Using CATKIN_TEST_RESULTS_DIR: /home/puzzlebot/ws/build/puzzlebot_controller/test_results
[36m--[0m Found gtest sources under '/usr/src/googletest': gtests will be built
[36m--[0m Found gmock sources under '/usr/src/googletest': gmock will be built
[36m--[0m Found PythonInterp: /usr/bin/python3 (found version "3.6.9")
[36m--[0m Using Python nosetests: /usr/bin/nosetests
[36m--[0m catkin 0.7.29
[36m--[0m BUILD_SHARED_LIBS is on
[36m--[0m Using these message generators: gencpp;geneus;genlisp;gennodejs;genpy
[36m--[0m Generating .msg files for action puzzlebot_controller/Move /home/puzzlebot/ws/src/puzzlebot_controller/action/Move.action
[36m--[0m puzzlebot_controller: 7 messages, 0 services
[31m[1mCMake Error[0m at /opt/ros/melodic/share/catkin/cmake/catkin_package.cmake:224 (message):
  catkin_package() DEPENDS on the catkin package 'actionlib' which must
  therefore be listed as a run dependency in the package.xml
[36mCall Stack (most recent call first):[0m
  /opt/ros/melodic/share/catkin/cmake/catkin_package.cmake:102 (_catkin_package)
  CMakeLists.txt:108 (catkin_package)


[36m--[0m Configuring incomplete, errors occurred!
See also "/home/puzzlebot/ws/build/puzzlebot_controller/CMakeFiles/CMakeOutput.log".
See also "/home/puzzlebot/ws/build/puzzlebot_controller/CMakeFiles/CMakeError.log".
Makefile:966: recipe for target 'cmake_check_build_system' failed
make: *** [cmake_check_build_system] Error 1
