[35m[1mScanning dependencies of target puzzlebot_controller_state_machine_node[0m
[  4%] Built target puzzlebot_controller_controller_node
[  7%] [32mBuilding CXX object CMakeFiles/puzzlebot_controller_state_machine_node.dir/src/state_machine_node.cpp.o[0m
[  7%] Built target _puzzlebot_controller_generate_messages_check_deps_MoveActionFeedback
[  7%] Built target _puzzlebot_controller_generate_messages_check_deps_MoveResult
[  7%] Built target _puzzlebot_controller_generate_messages_check_deps_MoveActionGoal
[  7%] Built target geometry_msgs_generate_messages_lisp
[  7%] Built target _puzzlebot_controller_generate_messages_check_deps_MoveAction
[  7%] Built target actionlib_msgs_generate_messages_lisp
[  7%] Built target _puzzlebot_controller_generate_messages_check_deps_MoveFeedback
[35m[1mScanning dependencies of target geometry_msgs_generate_messages_py[0m
[  7%] Built target geometry_msgs_generate_messages_py
[35m[1mScanning dependencies of target actionlib_msgs_generate_messages_py[0m
[  7%] Built target _puzzlebot_controller_generate_messages_check_deps_MoveActionResult
[35m[1mScanning dependencies of target actionlib_msgs_generate_messages_nodejs[0m
[  7%] Built target actionlib_msgs_generate_messages_py
[  7%] Built target actionlib_msgs_generate_messages_nodejs
[35m[1mScanning dependencies of target geometry_msgs_generate_messages_nodejs[0m
[  7%] Built target _puzzlebot_controller_generate_messages_check_deps_MoveGoal
[  7%] Built target geometry_msgs_generate_messages_nodejs
[35m[1mScanning dependencies of target geometry_msgs_generate_messages_eus[0m
[35m[1mScanning dependencies of target actionlib_msgs_generate_messages_eus[0m
[35m[1mScanning dependencies of target geometry_msgs_generate_messages_cpp[0m
[  7%] Built target geometry_msgs_generate_messages_cpp
[  7%] Built target geometry_msgs_generate_messages_eus
[  7%] Built target actionlib_msgs_generate_messages_eus
[35m[1mScanning dependencies of target actionlib_msgs_generate_messages_cpp[0m
[35m[1mScanning dependencies of target puzzlebot_controller_generate_messages_lisp[0m
[  7%] Built target actionlib_msgs_generate_messages_cpp
[35m[1mScanning dependencies of target puzzlebot_controller_generate_messages_py[0m
[  9%] [34m[1mGenerating Lisp code from puzzlebot_controller/MoveAction.msg[0m
[35m[1mScanning dependencies of target puzzlebot_controller_generate_messages_nodejs[0m
[ 12%] [34m[1mGenerating Python from MSG puzzlebot_controller/MoveAction[0m
[ 14%] [34m[1mGenerating Javascript code from puzzlebot_controller/MoveAction.msg[0m
[ 17%] [34m[1mGenerating Lisp code from puzzlebot_controller/MoveActionGoal.msg[0m
[ 19%] [34m[1mGenerating Javascript code from puzzlebot_controller/MoveActionGoal.msg[0m
[ 21%] [34m[1mGenerating Lisp code from puzzlebot_controller/MoveActionResult.msg[0m
[ 24%] [34m[1mGenerating Javascript code from puzzlebot_controller/MoveActionResult.msg[0m
[ 26%] [34m[1mGenerating Lisp code from puzzlebot_controller/MoveActionFeedback.msg[0m
[ 29%] [34m[1mGenerating Javascript code from puzzlebot_controller/MoveActionFeedback.msg[0m
[ 31%] [34m[1mGenerating Python from MSG puzzlebot_controller/MoveActionGoal[0m
[ 34%] [34m[1mGenerating Javascript code from puzzlebot_controller/MoveGoal.msg[0m
[ 36%] [34m[1mGenerating Lisp code from puzzlebot_controller/MoveGoal.msg[0m
[ 39%] [34m[1mGenerating Javascript code from puzzlebot_controller/MoveResult.msg[0m
[ 41%] [34m[1mGenerating Lisp code from puzzlebot_controller/MoveResult.msg[0m
[ 43%] [34m[1mGenerating Javascript code from puzzlebot_controller/MoveFeedback.msg[0m
[ 46%] [34m[1mGenerating Lisp code from puzzlebot_controller/MoveFeedback.msg[0m
[ 46%] Built target puzzlebot_controller_generate_messages_lisp
[ 46%] Built target puzzlebot_controller_generate_messages_nodejs
[35m[1mScanning dependencies of target puzzlebot_controller_generate_messages_eus[0m
[35m[1mScanning dependencies of target puzzlebot_controller_generate_messages_cpp[0m
[ 48%] [34m[1mGenerating EusLisp code from puzzlebot_controller/MoveAction.msg[0m
[ 51%] [34m[1mGenerating C++ code from puzzlebot_controller/MoveAction.msg[0m
[ 53%] [34m[1mGenerating Python from MSG puzzlebot_controller/MoveActionResult[0m
[01m[K/home/puzzlebot/ws/src/puzzlebot_controller/src/state_machine_node.cpp:11:10:[m[K [01;31m[Kfatal error: [m[Kpuzzlebot_controller/MoveAction.h: No such file or directory
 #include [01;31m[K<puzzlebot_controller/MoveAction.h>[m[K
          [01;31m[K^~~~~~~~~~~~~~~~~~~~~~~~~~~~~~~~~~~[m[K
compilation terminated.
CMakeFiles/puzzlebot_controller_state_machine_node.dir/build.make:62: recipe for target 'CMakeFiles/puzzlebot_controller_state_machine_node.dir/src/state_machine_node.cpp.o' failed
make[2]: *** [CMakeFiles/puzzlebot_controller_state_machine_node.dir/src/state_machine_node.cpp.o] Error 1
make[1]: *** [CMakeFiles/puzzlebot_controller_state_machine_node.dir/all] Error 2
make[1]: *** Waiting for unfinished jobs....
CMakeFiles/Makefile2:592: recipe for target 'CMakeFiles/puzzlebot_controller_state_machine_node.dir/all' failed
[ 56%] [34m[1mGenerating Python from MSG puzzlebot_controller/MoveActionFeedback[0m
[ 58%] [34m[1mGenerating EusLisp code from puzzlebot_controller/MoveActionGoal.msg[0m
[ 60%] [34m[1mGenerating C++ code from puzzlebot_controller/MoveActionGoal.msg[0m
[ 63%] [34m[1mGenerating EusLisp code from puzzlebot_controller/MoveActionResult.msg[0m
[ 65%] [34m[1mGenerating Python from MSG puzzlebot_controller/MoveGoal[0m
[ 68%] [34m[1mGenerating Python from MSG puzzlebot_controller/MoveResult[0m
[ 70%] [34m[1mGenerating EusLisp code from puzzlebot_controller/MoveActionFeedback.msg[0m
[ 73%] [34m[1mGenerating C++ code from puzzlebot_controller/MoveActionResult.msg[0m
[ 75%] [34m[1mGenerating EusLisp code from puzzlebot_controller/MoveGoal.msg[0m
[ 78%] [34m[1mGenerating EusLisp code from puzzlebot_controller/MoveResult.msg[0m
[ 80%] [34m[1mGenerating Python from MSG puzzlebot_controller/MoveFeedback[0m
[ 82%] [34m[1mGenerating EusLisp code from puzzlebot_controller/MoveFeedback.msg[0m
[ 85%] [34m[1mGenerating C++ code from puzzlebot_controller/MoveActionFeedback.msg[0m
[ 87%] [34m[1mGenerating EusLisp manifest code for puzzlebot_controller[0m
[ 90%] [34m[1mGenerating C++ code from puzzlebot_controller/MoveGoal.msg[0m
[ 92%] [34m[1mGenerating Python msg __init__.py for puzzlebot_controller[0m
[ 95%] [34m[1mGenerating C++ code from puzzlebot_controller/MoveResult.msg[0m
[ 97%] [34m[1mGenerating C++ code from puzzlebot_controller/MoveFeedback.msg[0m
[ 97%] Built target puzzlebot_controller_generate_messages_py
[ 97%] Built target puzzlebot_controller_generate_messages_cpp
[ 97%] Built target puzzlebot_controller_generate_messages_eus
Makefile:140: recipe for target 'all' failed
make: *** [all] Error 2
