[  4%] Built target puzzlebot_controller_controller_node
[  7%] [32mBuilding CXX object CMakeFiles/puzzlebot_controller_state_machine_node.dir/src/state_machine_node.cpp.o[0m
[  7%] Built target _puzzlebot_controller_generate_messages_check_deps_MoveActionFeedback
[  7%] Built target _puzzlebot_controller_generate_messages_check_deps_MoveResult
[  7%] Built target _puzzlebot_controller_generate_messages_check_deps_MoveActionGoal
[  7%] Built target geometry_msgs_generate_messages_lisp
[  7%] Built target _puzzlebot_controller_generate_messages_check_deps_MoveAction
[  7%] Built target actionlib_msgs_generate_messages_lisp
[  7%] Built target _puzzlebot_controller_generate_messages_check_deps_MoveFeedback
[  7%] Built target geometry_msgs_generate_messages_py
[  7%] Built target _puzzlebot_controller_generate_messages_check_deps_MoveActionResult
[  7%] Built target actionlib_msgs_generate_messages_py
[  7%] Built target actionlib_msgs_generate_messages_nodejs
[  7%] Built target geometry_msgs_generate_messages_nodejs
[  7%] Built target geometry_msgs_generate_messages_eus
[  7%] Built target _puzzlebot_controller_generate_messages_check_deps_MoveGoal
[  7%] Built target actionlib_msgs_generate_messages_eus
[  7%] Built target geometry_msgs_generate_messages_cpp
[  7%] Built target actionlib_msgs_generate_messages_cpp
[ 24%] Built target puzzlebot_controller_generate_messages_lisp
[ 43%] Built target puzzlebot_controller_generate_messages_py
[ 60%] Built target puzzlebot_controller_generate_messages_nodejs
[ 78%] Built target puzzlebot_controller_generate_messages_cpp
[ 97%] Built target puzzlebot_controller_generate_messages_eus
[35m[1mScanning dependencies of target puzzlebot_controller_generate_messages[0m
[ 97%] Built target puzzlebot_controller_generate_messages
[100%] [32m[1mLinking CXX executable /home/puzzlebot/ws/devel/.private/puzzlebot_controller/lib/puzzlebot_controller/state_machine_node[0m
[100%] Built target puzzlebot_controller_state_machine_node
