[  4%] Built target puzzlebot_controller_controller_node
[  9%] Built target puzzlebot_controller_state_machine_node
[  9%] Built target _puzzlebot_controller_generate_messages_check_deps_MoveActionFeedback
[  9%] Built target _puzzlebot_controller_generate_messages_check_deps_MoveResult
[  9%] Built target _puzzlebot_controller_generate_messages_check_deps_MoveActionGoal
[  9%] Built target _puzzlebot_controller_generate_messages_check_deps_MoveAction
[  9%] Built target _puzzlebot_controller_generate_messages_check_deps_MoveFeedback
[  9%] Built target geometry_msgs_generate_messages_lisp
[  9%] Built target actionlib_msgs_generate_messages_lisp
[  9%] Built target _puzzlebot_controller_generate_messages_check_deps_MoveActionResult
[  9%] Built target _puzzlebot_controller_generate_messages_check_deps_MoveGoal
[ 26%] Built target puzzlebot_controller_generate_messages_lisp
[ 26%] Built target geometry_msgs_generate_messages_py
[ 26%] Built target actionlib_msgs_generate_messages_py
[ 46%] Built target puzzlebot_controller_generate_messages_py
[ 46%] Built target actionlib_msgs_generate_messages_nodejs
[ 46%] Built target geometry_msgs_generate_messages_nodejs
[ 63%] Built target puzzlebot_controller_generate_messages_nodejs
[ 63%] Built target geometry_msgs_generate_messages_eus
[ 63%] Built target actionlib_msgs_generate_messages_eus
[ 82%] Built target puzzlebot_controller_generate_messages_eus
[ 82%] Built target geometry_msgs_generate_messages_cpp
[ 82%] Built target actionlib_msgs_generate_messages_cpp
[100%] Built target puzzlebot_controller_generate_messages_cpp
[100%] Built target puzzlebot_controller_generate_messages
[36mInstall the project...[0m
-- Install configuration: ""
-- Installing: /home/puzzlebot/ws/install/_setup_util.py
-- Installing: /home/puzzlebot/ws/install/env.sh
-- Installing: /home/puzzlebot/ws/install/setup.bash
-- Installing: /home/puzzlebot/ws/install/local_setup.bash
-- Installing: /home/puzzlebot/ws/install/setup.sh
-- Installing: /home/puzzlebot/ws/install/local_setup.sh
-- Installing: /home/puzzlebot/ws/install/setup.zsh
-- Installing: /home/puzzlebot/ws/install/local_setup.zsh
-- Installing: /home/puzzlebot/ws/install/.rosinstall
-- Installing: /home/puzzlebot/ws/install/share/puzzlebot_controller/action/Move.action
-- Installing: /home/puzzlebot/ws/install/share/puzzlebot_controller/msg/MoveAction.msg
-- Installing: /home/puzzlebot/ws/install/share/puzzlebot_controller/msg/MoveActionGoal.msg
-- Installing: /home/puzzlebot/ws/install/share/puzzlebot_controller/msg/MoveActionResult.msg
-- Installing: /home/puzzlebot/ws/install/share/puzzlebot_controller/msg/MoveActionFeedback.msg
-- Installing: /home/puzzlebot/ws/install/share/puzzlebot_controller/msg/MoveGoal.msg
-- Installing: /home/puzzlebot/ws/install/share/puzzlebot_controller/msg/MoveResult.msg
-- Installing: /home/puzzlebot/ws/install/share/puzzlebot_controller/msg/MoveFeedback.msg
-- Installing: /home/puzzlebot/ws/install/share/puzzlebot_controller/cmake/puzzlebot_controller-msg-paths.cmake
-- Installing: /home/puzzlebot/ws/install/include/puzzlebot_controller
-- Installing: /home/puzzlebot/ws/install/include/puzzlebot_controller/MoveActionResult.h
-- Installing: /home/puzzlebot/ws/install/include/puzzlebot_controller/MoveGoal.h
-- Installing: /home/puzzlebot/ws/install/include/puzzlebot_controller/MoveActionGoal.h
-- Installing: /home/puzzlebot/ws/install/include/puzzlebot_controller/MoveAction.h
-- Installing: /home/puzzlebot/ws/install/include/puzzlebot_controller/MoveResult.h
-- Installing: /home/puzzlebot/ws/install/include/puzzlebot_controller/MoveFeedback.h
-- Installing: /home/puzzlebot/ws/install/include/puzzlebot_controller/MoveActionFeedback.h
-- Installing: /home/puzzlebot/ws/install/share/roseus/ros/puzzlebot_controller
-- Installing: /home/puzzlebot/ws/install/share/roseus/ros/puzzlebot_controller/manifest.l
-- Installing: /home/puzzlebot/ws/install/share/roseus/ros/puzzlebot_controller/msg
-- Installing: /home/puzzlebot/ws/install/share/roseus/ros/puzzlebot_controller/msg/MoveActionFeedback.l
-- Installing: /home/puzzlebot/ws/install/share/roseus/ros/puzzlebot_controller/msg/MoveActionGoal.l
-- Installing: /home/puzzlebot/ws/install/share/roseus/ros/puzzlebot_controller/msg/MoveGoal.l
-- Installing: /home/puzzlebot/ws/install/share/roseus/ros/puzzlebot_controller/msg/MoveFeedback.l
-- Installing: /home/puzzlebot/ws/install/share/roseus/ros/puzzlebot_controller/msg/MoveActionResult.l
-- Installing: /home/puzzlebot/ws/install/share/roseus/ros/puzzlebot_controller/msg/MoveAction.l
-- Installing: /home/puzzlebot/ws/install/share/roseus/ros/puzzlebot_controller/msg/MoveResult.l
-- Installing: /home/puzzlebot/ws/install/share/common-lisp/ros/puzzlebot_controller
-- Installing: /home/puzzlebot/ws/install/share/common-lisp/ros/puzzlebot_controller/msg
-- Installing: /home/puzzlebot/ws/install/share/common-lisp/ros/puzzlebot_controller/msg/_package_MoveResult.lisp
-- Installing: /home/puzzlebot/ws/install/share/common-lisp/ros/puzzlebot_controller/msg/MoveFeedback.lisp
-- Installing: /home/puzzlebot/ws/install/share/common-lisp/ros/puzzlebot_controller/msg/puzzlebot_controller-msg.asd
-- Installing: /home/puzzlebot/ws/install/share/common-lisp/ros/puzzlebot_controller/msg/_package_MoveFeedback.lisp
-- Installing: /home/puzzlebot/ws/install/share/common-lisp/ros/puzzlebot_controller/msg/_package_MoveActionFeedback.lisp
-- Installing: /home/puzzlebot/ws/install/share/common-lisp/ros/puzzlebot_controller/msg/_package_MoveActionGoal.lisp
-- Installing: /home/puzzlebot/ws/install/share/common-lisp/ros/puzzlebot_controller/msg/MoveActionResult.lisp
-- Installing: /home/puzzlebot/ws/install/share/common-lisp/ros/puzzlebot_controller/msg/_package_MoveGoal.lisp
-- Installing: /home/puzzlebot/ws/install/share/common-lisp/ros/puzzlebot_controller/msg/MoveActionFeedback.lisp
-- Installing: /home/puzzlebot/ws/install/share/common-lisp/ros/puzzlebot_controller/msg/MoveAction.lisp
-- Installing: /home/puzzlebot/ws/install/share/common-lisp/ros/puzzlebot_controller/msg/_package_MoveAction.lisp
-- Installing: /home/puzzlebot/ws/install/share/common-lisp/ros/puzzlebot_controller/msg/_package.lisp
-- Installing: /home/puzzlebot/ws/install/share/common-lisp/ros/puzzlebot_controller/msg/MoveResult.lisp
-- Installing: /home/puzzlebot/ws/install/share/common-lisp/ros/puzzlebot_controller/msg/_package_MoveActionResult.lisp
-- Installing: /home/puzzlebot/ws/install/share/common-lisp/ros/puzzlebot_controller/msg/MoveGoal.lisp
-- Installing: /home/puzzlebot/ws/install/share/common-lisp/ros/puzzlebot_controller/msg/MoveActionGoal.lisp
-- Installing: /home/puzzlebot/ws/install/share/gennodejs/ros/puzzlebot_controller
-- Installing: /home/puzzlebot/ws/install/share/gennodejs/ros/puzzlebot_controller/_index.js
-- Installing: /home/puzzlebot/ws/install/share/gennodejs/ros/puzzlebot_controller/msg
-- Installing: /home/puzzlebot/ws/install/share/gennodejs/ros/puzzlebot_controller/msg/MoveActionGoal.js
-- Installing: /home/puzzlebot/ws/install/share/gennodejs/ros/puzzlebot_controller/msg/MoveAction.js
-- Installing: /home/puzzlebot/ws/install/share/gennodejs/ros/puzzlebot_controller/msg/MoveGoal.js
-- Installing: /home/puzzlebot/ws/install/share/gennodejs/ros/puzzlebot_controller/msg/MoveActionFeedback.js
-- Installing: /home/puzzlebot/ws/install/share/gennodejs/ros/puzzlebot_controller/msg/MoveActionResult.js
-- Installing: /home/puzzlebot/ws/install/share/gennodejs/ros/puzzlebot_controller/msg/MoveFeedback.js
-- Installing: /home/puzzlebot/ws/install/share/gennodejs/ros/puzzlebot_controller/msg/_index.js
-- Installing: /home/puzzlebot/ws/install/share/gennodejs/ros/puzzlebot_controller/msg/MoveResult.js
Listing '/home/puzzlebot/ws/devel/.private/puzzlebot_controller/lib/python3/dist-packages/puzzlebot_controller'...
Compiling '/home/puzzlebot/ws/devel/.private/puzzlebot_controller/lib/python3/dist-packages/puzzlebot_controller/__init__.py'...
Listing '/home/puzzlebot/ws/devel/.private/puzzlebot_controller/lib/python3/dist-packages/puzzlebot_controller/msg'...
Compiling '/home/puzzlebot/ws/devel/.private/puzzlebot_controller/lib/python3/dist-packages/puzzlebot_controller/msg/_MoveAction.py'...
Compiling '/home/puzzlebot/ws/devel/.private/puzzlebot_controller/lib/python3/dist-packages/puzzlebot_controller/msg/_MoveActionFeedback.py'...
Compiling '/home/puzzlebot/ws/devel/.private/puzzlebot_controller/lib/python3/dist-packages/puzzlebot_controller/msg/_MoveActionGoal.py'...
Compiling '/home/puzzlebot/ws/devel/.private/puzzlebot_controller/lib/python3/dist-packages/puzzlebot_controller/msg/_MoveActionResult.py'...
Compiling '/home/puzzlebot/ws/devel/.private/puzzlebot_controller/lib/python3/dist-packages/puzzlebot_controller/msg/_MoveFeedback.py'...
Compiling '/home/puzzlebot/ws/devel/.private/puzzlebot_controller/lib/python3/dist-packages/puzzlebot_controller/msg/_MoveGoal.py'...
Compiling '/home/puzzlebot/ws/devel/.private/puzzlebot_controller/lib/python3/dist-packages/puzzlebot_controller/msg/_MoveResult.py'...
Compiling '/home/puzzlebot/ws/devel/.private/puzzlebot_controller/lib/python3/dist-packages/puzzlebot_controller/msg/__init__.py'...
-- Installing: /home/puzzlebot/ws/install/lib/python3/dist-packages/puzzlebot_controller
-- Installing: /home/puzzlebot/ws/install/lib/python3/dist-packages/puzzlebot_controller/__pycache__
-- Installing: /home/puzzlebot/ws/install/lib/python3/dist-packages/puzzlebot_controller/__pycache__/__init__.cpython-36.pyc
-- Installing: /home/puzzlebot/ws/install/lib/python3/dist-packages/puzzlebot_controller/__init__.py
-- Installing: /home/puzzlebot/ws/install/lib/python3/dist-packages/puzzlebot_controller/msg
-- Installing: /home/puzzlebot/ws/install/lib/python3/dist-packages/puzzlebot_controller/msg/_MoveAction.py
-- Installing: /home/puzzlebot/ws/install/lib/python3/dist-packages/puzzlebot_controller/msg/_MoveResult.py
-- Installing: /home/puzzlebot/ws/install/lib/python3/dist-packages/puzzlebot_controller/msg/_MoveActionGoal.py
-- Installing: /home/puzzlebot/ws/install/lib/python3/dist-packages/puzzlebot_controller/msg/_MoveFeedback.py
-- Installing: /home/puzzlebot/ws/install/lib/python3/dist-packages/puzzlebot_controller/msg/__pycache__
-- Installing: /home/puzzlebot/ws/install/lib/python3/dist-packages/puzzlebot_controller/msg/__pycache__/_MoveActionResult.cpython-36.pyc
-- Installing: /home/puzzlebot/ws/install/lib/python3/dist-packages/puzzlebot_controller/msg/__pycache__/_MoveActionGoal.cpython-36.pyc
-- Installing: /home/puzzlebot/ws/install/lib/python3/dist-packages/puzzlebot_controller/msg/__pycache__/_MoveActionFeedback.cpython-36.pyc
-- Installing: /home/puzzlebot/ws/install/lib/python3/dist-packages/puzzlebot_controller/msg/__pycache__/_MoveFeedback.cpython-36.pyc
-- Installing: /home/puzzlebot/ws/install/lib/python3/dist-packages/puzzlebot_controller/msg/__pycache__/_MoveResult.cpython-36.pyc
-- Installing: /home/puzzlebot/ws/install/lib/python3/dist-packages/puzzlebot_controller/msg/__pycache__/_MoveGoal.cpython-36.pyc
-- Installing: /home/puzzlebot/ws/install/lib/python3/dist-packages/puzzlebot_controller/msg/__pycache__/_MoveAction.cpython-36.pyc
-- Installing: /home/puzzlebot/ws/install/lib/python3/dist-packages/puzzlebot_controller/msg/__pycache__/__init__.cpython-36.pyc
-- Installing: /home/puzzlebot/ws/install/lib/python3/dist-packages/puzzlebot_controller/msg/__init__.py
-- Installing: /home/puzzlebot/ws/install/lib/python3/dist-packages/puzzlebot_controller/msg/_MoveGoal.py
-- Installing: /home/puzzlebot/ws/install/lib/python3/dist-packages/puzzlebot_controller/msg/_MoveActionResult.py
-- Installing: /home/puzzlebot/ws/install/lib/python3/dist-packages/puzzlebot_controller/msg/_MoveActionFeedback.py
-- Installing: /home/puzzlebot/ws/install/lib/pkgconfig/puzzlebot_controller.pc
-- Installing: /home/puzzlebot/ws/install/share/puzzlebot_controller/cmake/puzzlebot_controller-msg-extras.cmake
-- Installing: /home/puzzlebot/ws/install/share/puzzlebot_controller/cmake/puzzlebot_controllerConfig.cmake
-- Installing: /home/puzzlebot/ws/install/share/puzzlebot_controller/cmake/puzzlebot_controllerConfig-version.cmake
-- Installing: /home/puzzlebot/ws/install/share/puzzlebot_controller/package.xml
-- Installing: /home/puzzlebot/ws/install/lib/puzzlebot_controller/line_follower.py
-- Installing: /home/puzzlebot/ws/install/lib/puzzlebot_controller/target_generator.py
-- Installing: /home/puzzlebot/ws/install/lib/puzzlebot_controller/move_action_server.py
-- Installing: /home/puzzlebot/ws/install/lib/puzzlebot_controller/controller_node
-- Set runtime path of "/home/puzzlebot/ws/install/lib/puzzlebot_controller/controller_node" to ""
-- Installing: /home/puzzlebot/ws/install/lib/puzzlebot_controller/state_machine_node
-- Set runtime path of "/home/puzzlebot/ws/install/lib/puzzlebot_controller/state_machine_node" to ""
-- Installing: /home/puzzlebot/ws/install/share/puzzlebot_controller/vision_test.xml
