[  2%] [32m[1mLinking CXX executable /home/puzzlebot/ws/devel/.private/puzzlebot_controller/lib/puzzlebot_controller/controller_node[0m
[  4%] [32m[1mLinking CXX executable /home/puzzlebot/ws/devel/.private/puzzlebot_controller/lib/puzzlebot_controller/state_machine_node[0m
[  4%] Built target _puzzlebot_controller_generate_messages_check_deps_MoveActionFeedback
[  4%] Built target _puzzlebot_controller_generate_messages_check_deps_MoveResult
[  4%] Built target _puzzlebot_controller_generate_messages_check_deps_MoveActionGoal
[  7%] Built target puzzlebot_controller_controller_node
[  7%] Built target _puzzlebot_controller_generate_messages_check_deps_MoveAction
[  7%] Built target geometry_msgs_generate_messages_lisp
[  7%] Built target actionlib_msgs_generate_messages_lisp
[  7%] Built target _puzzlebot_controller_generate_messages_check_deps_MoveFeedback
[  9%] Built target puzzlebot_controller_state_machine_node
[  9%] Built target geometry_msgs_generate_messages_py
[  9%] Built target _puzzlebot_controller_generate_messages_check_deps_MoveActionResult
[  9%] Built target actionlib_msgs_generate_messages_py
[  9%] Built target actionlib_msgs_generate_messages_nodejs
[  9%] Built target _puzzlebot_controller_generate_messages_check_deps_MoveGoal
[  9%] Built target geometry_msgs_generate_messages_eus
[  9%] Built target actionlib_msgs_generate_messages_eus
[  9%] Built target geometry_msgs_generate_messages_nodejs
[  9%] Built target geometry_msgs_generate_messages_cpp
[ 29%] Built target puzzlebot_controller_generate_messages_py
[ 29%] Built target actionlib_msgs_generate_messages_cpp
[ 46%] Built target puzzlebot_controller_generate_messages_lisp
[ 75%] Built target puzzlebot_controller_generate_messages_eus
[ 82%] Built target puzzlebot_controller_generate_messages_nodejs
[100%] Built target puzzlebot_controller_generate_messages_cpp
[100%] Built target puzzlebot_controller_generate_messages
