[  4%] Built target puzzlebot_controller_controller_node
[  9%] Built target puzzlebot_controller_state_machine_node
[  9%] Built target _puzzlebot_controller_generate_messages_check_deps_MoveActionFeedback
[  9%] Built target _puzzlebot_controller_generate_messages_check_deps_MoveResult
[  9%] Built target geometry_msgs_generate_messages_lisp
[  9%] Built target _puzzlebot_controller_generate_messages_check_deps_MoveAction
[  9%] Built target _puzzlebot_controller_generate_messages_check_deps_MoveActionGoal
[  9%] Built target _puzzlebot_controller_generate_messages_check_deps_MoveFeedback
[  9%] Built target actionlib_msgs_generate_messages_lisp
[  9%] Built target _puzzlebot_controller_generate_messages_check_deps_MoveGoal
[  9%] Built target geometry_msgs_generate_messages_py
[  9%] Built target actionlib_msgs_generate_messages_py
[  9%] Built target actionlib_msgs_generate_messages_nodejs
[  9%] Built target geometry_msgs_generate_messages_nodejs
[  9%] Built target _puzzlebot_controller_generate_messages_check_deps_MoveActionResult
[  9%] Built target geometry_msgs_generate_messages_eus
[  9%] Built target geometry_msgs_generate_messages_cpp
[  9%] Built target actionlib_msgs_generate_messages_eus
[  9%] Built target actionlib_msgs_generate_messages_cpp
[ 26%] Built target puzzlebot_controller_generate_messages_lisp
[ 46%] Built target puzzlebot_controller_generate_messages_eus
[ 65%] Built target puzzlebot_controller_generate_messages_py
[ 82%] Built target puzzlebot_controller_generate_messages_nodejs
[100%] Built target puzzlebot_controller_generate_messages_cpp
[100%] Built target puzzlebot_controller_generate_messages
