[  5%] Built target puzzlebot_controller_controller_node
[  5%] Built target geometry_msgs_generate_messages_lisp
[  5%] Built target _puzzlebot_controller_generate_messages_check_deps_MoveResult
[  5%] Built target _puzzlebot_controller_generate_messages_check_deps_MoveFeedback
[  5%] Built target _puzzlebot_controller_generate_messages_check_deps_MoveGoal
[  5%] Built target actionlib_msgs_generate_messages_lisp
[  5%] Built target _puzzlebot_controller_generate_messages_check_deps_MoveActionGoal
[  5%] Built target _puzzlebot_controller_generate_messages_check_deps_MoveAction
[  5%] Built target _puzzlebot_controller_generate_messages_check_deps_MoveActionResult
[  5%] Built target actionlib_msgs_generate_messages_py
[  5%] Built target geometry_msgs_generate_messages_py
[  5%] Built target _puzzlebot_controller_generate_messages_check_deps_MoveActionFeedback
[  5%] Built target actionlib_msgs_generate_messages_nodejs
[  5%] Built target geometry_msgs_generate_messages_nodejs
[  5%] Built target geometry_msgs_generate_messages_eus
[  5%] Built target geometry_msgs_generate_messages_cpp
[  5%] Built target actionlib_msgs_generate_messages_eus
[  5%] Built target actionlib_msgs_generate_messages_cpp
[ 23%] Built target puzzlebot_controller_generate_messages_nodejs
[ 41%] Built target puzzlebot_controller_generate_messages_lisp
[ 61%] Built target puzzlebot_controller_generate_messages_py
[ 82%] Built target puzzlebot_controller_generate_messages_eus
[100%] Built target puzzlebot_controller_generate_messages_cpp
[100%] Built target puzzlebot_controller_generate_messages
