[35m[1mScanning dependencies of target puzzlebot_controller_state_machine_node[0m
[  4%] Built target puzzlebot_controller_controller_node
[  7%] [32mBuilding CXX object CMakeFiles/puzzlebot_controller_state_machine_node.dir/src/state_machine_node.cpp.o[0m
[  7%] Built target _puzzlebot_controller_generate_messages_check_deps_MoveGoal
[  7%] Built target _puzzlebot_controller_generate_messages_check_deps_MoveResult
[  7%] Built target geometry_msgs_generate_messages_lisp
[  7%] Built target actionlib_msgs_generate_messages_lisp
[  7%] Built target _puzzlebot_controller_generate_messages_check_deps_MoveFeedback
[  7%] Built target _puzzlebot_controller_generate_messages_check_deps_MoveActionGoal
[  7%] Built target _puzzlebot_controller_generate_messages_check_deps_MoveAction
[  7%] Built target geometry_msgs_generate_messages_py
[  7%] Built target _puzzlebot_controller_generate_messages_check_deps_MoveActionResult
[  7%] Built target actionlib_msgs_generate_messages_py
[  7%] Built target _puzzlebot_controller_generate_messages_check_deps_MoveActionFeedback
[  7%] Built target geometry_msgs_generate_messages_nodejs
[  7%] Built target actionlib_msgs_generate_messages_nodejs
[  7%] Built target actionlib_msgs_generate_messages_eus
[  7%] Built target geometry_msgs_generate_messages_eus
[  7%] Built target geometry_msgs_generate_messages_cpp
[  7%] Built target actionlib_msgs_generate_messages_cpp
[ 24%] Built target puzzlebot_controller_generate_messages_lisp
[ 43%] Built target puzzlebot_controller_generate_messages_py
[ 60%] Built target puzzlebot_controller_generate_messages_nodejs
[ 80%] Built target puzzlebot_controller_generate_messages_eus
[ 97%] Built target puzzlebot_controller_generate_messages_cpp
[ 97%] Built target puzzlebot_controller_generate_messages
[01m[K/home/puzzlebot/ws/src/puzzlebot_controller/src/state_machine_node.cpp:181:2:[m[K [01;31m[Kerror: [m[Kmultiple types in one declaration
 }[01;31m[K;[m[K
  [01;31m[K^[m[K
CMakeFiles/puzzlebot_controller_state_machine_node.dir/build.make:62: recipe for target 'CMakeFiles/puzzlebot_controller_state_machine_node.dir/src/state_machine_node.cpp.o' failed
make[2]: *** [CMakeFiles/puzzlebot_controller_state_machine_node.dir/src/state_machine_node.cpp.o] Error 1
CMakeFiles/Makefile2:592: recipe for target 'CMakeFiles/puzzlebot_controller_state_machine_node.dir/all' failed
make[1]: *** [CMakeFiles/puzzlebot_controller_state_machine_node.dir/all] Error 2
Makefile:140: recipe for target 'all' failed
make: *** [all] Error 2
