Symlinking /home/puzzlebot/ws/devel/include/puzzlebot_controller/MoveActionResult.h
Symlinking /home/puzzlebot/ws/devel/include/puzzlebot_controller/MoveGoal.h
Symlinking /home/puzzlebot/ws/devel/include/puzzlebot_controller/MoveActionGoal.h
Symlinking /home/puzzlebot/ws/devel/include/puzzlebot_controller/MoveAction.h
Symlinking /home/puzzlebot/ws/devel/include/puzzlebot_controller/MoveResult.h
Symlinking /home/puzzlebot/ws/devel/include/puzzlebot_controller/MoveFeedback.h
Symlinking /home/puzzlebot/ws/devel/include/puzzlebot_controller/MoveActionFeedback.h
Symlinking /home/puzzlebot/ws/devel/lib/pkgconfig/puzzlebot_controller.pc
Symlinking /home/puzzlebot/ws/devel/lib/python3/dist-packages/puzzlebot_controller/__init__.py
Symlinking /home/puzzlebot/ws/devel/lib/python3/dist-packages/puzzlebot_controller/msg/_MoveAction.py
Symlinking /home/puzzlebot/ws/devel/lib/python3/dist-packages/puzzlebot_controller/msg/_MoveResult.py
Symlinking /home/puzzlebot/ws/devel/lib/python3/dist-packages/puzzlebot_controller/msg/_MoveActionGoal.py
Symlinking /home/puzzlebot/ws/devel/lib/python3/dist-packages/puzzlebot_controller/msg/_MoveFeedback.py
Symlinking /home/puzzlebot/ws/devel/lib/python3/dist-packages/puzzlebot_controller/msg/__init__.py
Symlinking /home/puzzlebot/ws/devel/lib/python3/dist-packages/puzzlebot_controller/msg/_MoveGoal.py
Symlinking /home/puzzlebot/ws/devel/lib/python3/dist-packages/puzzlebot_controller/msg/_MoveActionResult.py
Symlinking /home/puzzlebot/ws/devel/lib/python3/dist-packages/puzzlebot_controller/msg/_MoveActionFeedback.py
Symlinking /home/puzzlebot/ws/devel/lib/puzzlebot_controller/controller_node
Symlinking /home/puzzlebot/ws/devel/lib/puzzlebot_controller/state_machine_node
Symlinking /home/puzzlebot/ws/devel/share/common-lisp/ros/puzzlebot_controller/msg/_package_MoveResult.lisp
Symlinking /home/puzzlebot/ws/devel/share/common-lisp/ros/puzzlebot_controller/msg/MoveFeedback.lisp
Symlinking /home/puzzlebot/ws/devel/share/common-lisp/ros/puzzlebot_controller/msg/puzzlebot_controller-msg.asd
Symlinking /home/puzzlebot/ws/devel/share/common-lisp/ros/puzzlebot_controller/msg/_package_MoveFeedback.lisp
Symlinking /home/puzzlebot/ws/devel/share/common-lisp/ros/puzzlebot_controller/msg/_package_MoveActionFeedback.lisp
Symlinking /home/puzzlebot/ws/devel/share/common-lisp/ros/puzzlebot_controller/msg/_package_MoveActionGoal.lisp
Symlinking /home/puzzlebot/ws/devel/share/common-lisp/ros/puzzlebot_controller/msg/MoveActionResult.lisp
Symlinking /home/puzzlebot/ws/devel/share/common-lisp/ros/puzzlebot_controller/msg/_package_MoveGoal.lisp
Symlinking /home/puzzlebot/ws/devel/share/common-lisp/ros/puzzlebot_controller/msg/MoveActionFeedback.lisp
Symlinking /home/puzzlebot/ws/devel/share/common-lisp/ros/puzzlebot_controller/msg/MoveAction.lisp
Symlinking /home/puzzlebot/ws/devel/share/common-lisp/ros/puzzlebot_controller/msg/_package_MoveAction.lisp
Symlinking /home/puzzlebot/ws/devel/share/common-lisp/ros/puzzlebot_controller/msg/_package.lisp
Symlinking /home/puzzlebot/ws/devel/share/common-lisp/ros/puzzlebot_controller/msg/MoveResult.lisp
Symlinking /home/puzzlebot/ws/devel/share/common-lisp/ros/puzzlebot_controller/msg/_package_MoveActionResult.lisp
Symlinking /home/puzzlebot/ws/devel/share/common-lisp/ros/puzzlebot_controller/msg/MoveGoal.lisp
Symlinking /home/puzzlebot/ws/devel/share/common-lisp/ros/puzzlebot_controller/msg/MoveActionGoal.lisp
Symlinking /home/puzzlebot/ws/devel/share/gennodejs/ros/puzzlebot_controller/_index.js
Symlinking /home/puzzlebot/ws/devel/share/gennodejs/ros/puzzlebot_controller/msg/MoveActionGoal.js
Symlinking /home/puzzlebot/ws/devel/share/gennodejs/ros/puzzlebot_controller/msg/MoveAction.js
Symlinking /home/puzzlebot/ws/devel/share/gennodejs/ros/puzzlebot_controller/msg/MoveGoal.js
Symlinking /home/puzzlebot/ws/devel/share/gennodejs/ros/puzzlebot_controller/msg/MoveActionFeedback.js
Symlinking /home/puzzlebot/ws/devel/share/gennodejs/ros/puzzlebot_controller/msg/MoveActionResult.js
Symlinking /home/puzzlebot/ws/devel/share/gennodejs/ros/puzzlebot_controller/msg/MoveFeedback.js
Symlinking /home/puzzlebot/ws/devel/share/gennodejs/ros/puzzlebot_controller/msg/_index.js
Symlinking /home/puzzlebot/ws/devel/share/gennodejs/ros/puzzlebot_controller/msg/MoveResult.js
Symlinking /home/puzzlebot/ws/devel/share/roseus/ros/puzzlebot_controller/manifest.l
Symlinking /home/puzzlebot/ws/devel/share/roseus/ros/puzzlebot_controller/msg/MoveActionFeedback.l
Symlinking /home/puzzlebot/ws/devel/share/roseus/ros/puzzlebot_controller/msg/MoveActionGoal.l
Symlinking /home/puzzlebot/ws/devel/share/roseus/ros/puzzlebot_controller/msg/MoveGoal.l
Symlinking /home/puzzlebot/ws/devel/share/roseus/ros/puzzlebot_controller/msg/MoveFeedback.l
Symlinking /home/puzzlebot/ws/devel/share/roseus/ros/puzzlebot_controller/msg/MoveActionResult.l
Symlinking /home/puzzlebot/ws/devel/share/roseus/ros/puzzlebot_controller/msg/MoveAction.l
Symlinking /home/puzzlebot/ws/devel/share/roseus/ros/puzzlebot_controller/msg/MoveResult.l
Symlinking /home/puzzlebot/ws/devel/share/puzzlebot_controller/msg/MoveResult.msg
Symlinking /home/puzzlebot/ws/devel/share/puzzlebot_controller/msg/MoveFeedback.msg
Symlinking /home/puzzlebot/ws/devel/share/puzzlebot_controller/msg/MoveActionFeedback.msg
Symlinking /home/puzzlebot/ws/devel/share/puzzlebot_controller/msg/MoveActionGoal.msg
Symlinking /home/puzzlebot/ws/devel/share/puzzlebot_controller/msg/MoveActionResult.msg
Symlinking /home/puzzlebot/ws/devel/share/puzzlebot_controller/msg/MoveAction.msg
Symlinking /home/puzzlebot/ws/devel/share/puzzlebot_controller/msg/MoveGoal.msg
Symlinking /home/puzzlebot/ws/devel/share/puzzlebot_controller/cmake/puzzlebot_controller-msg-extras.cmake
Symlinking /home/puzzlebot/ws/devel/share/puzzlebot_controller/cmake/puzzlebot_controller-msg-paths.cmake
Symlinking /home/puzzlebot/ws/devel/share/puzzlebot_controller/cmake/puzzlebot_controllerConfig.cmake
Symlinking /home/puzzlebot/ws/devel/share/puzzlebot_controller/cmake/puzzlebot_controllerConfig-version.cmake
