Linked: (/home/puzzlebot/ws/devel/.private/puzzlebot_controller/include/puzzlebot_controller/MoveActionResult.h, /home/puzzlebot/ws/devel/include/puzzlebot_controller/MoveActionResult.h)
Linked: (/home/puzzlebot/ws/devel/.private/puzzlebot_controller/include/puzzlebot_controller/MoveGoal.h, /home/puzzlebot/ws/devel/include/puzzlebot_controller/MoveGoal.h)
Linked: (/home/puzzlebot/ws/devel/.private/puzzlebot_controller/include/puzzlebot_controller/MoveActionGoal.h, /home/puzzlebot/ws/devel/include/puzzlebot_controller/MoveActionGoal.h)
Linked: (/home/puzzlebot/ws/devel/.private/puzzlebot_controller/include/puzzlebot_controller/MoveAction.h, /home/puzzlebot/ws/devel/include/puzzlebot_controller/MoveAction.h)
Linked: (/home/puzzlebot/ws/devel/.private/puzzlebot_controller/include/puzzlebot_controller/MoveResult.h, /home/puzzlebot/ws/devel/include/puzzlebot_controller/MoveResult.h)
Linked: (/home/puzzlebot/ws/devel/.private/puzzlebot_controller/include/puzzlebot_controller/MoveFeedback.h, /home/puzzlebot/ws/devel/include/puzzlebot_controller/MoveFeedback.h)
Linked: (/home/puzzlebot/ws/devel/.private/puzzlebot_controller/include/puzzlebot_controller/MoveActionFeedback.h, /home/puzzlebot/ws/devel/include/puzzlebot_controller/MoveActionFeedback.h)
Linked: (/home/puzzlebot/ws/devel/.private/puzzlebot_controller/lib/pkgconfig/puzzlebot_controller.pc, /home/puzzlebot/ws/devel/lib/pkgconfig/puzzlebot_controller.pc)
Linked: (/home/puzzlebot/ws/devel/.private/puzzlebot_controller/lib/python3/dist-packages/puzzlebot_controller/__init__.py, /home/puzzlebot/ws/devel/lib/python3/dist-packages/puzzlebot_controller/__init__.py)
Linked: (/home/puzzlebot/ws/devel/.private/puzzlebot_controller/lib/python3/dist-packages/puzzlebot_controller/__pycache__/__init__.cpython-36.pyc, /home/puzzlebot/ws/devel/lib/python3/dist-packages/puzzlebot_controller/__pycache__/__init__.cpython-36.pyc)
Linked: (/home/puzzlebot/ws/devel/.private/puzzlebot_controller/lib/python3/dist-packages/puzzlebot_controller/msg/_MoveAction.py, /home/puzzlebot/ws/devel/lib/python3/dist-packages/puzzlebot_controller/msg/_MoveAction.py)
Linked: (/home/puzzlebot/ws/devel/.private/puzzlebot_controller/lib/python3/dist-packages/puzzlebot_controller/msg/_MoveResult.py, /home/puzzlebot/ws/devel/lib/python3/dist-packages/puzzlebot_controller/msg/_MoveResult.py)
Linked: (/home/puzzlebot/ws/devel/.private/puzzlebot_controller/lib/python3/dist-packages/puzzlebot_controller/msg/_MoveActionGoal.py, /home/puzzlebot/ws/devel/lib/python3/dist-packages/puzzlebot_controller/msg/_MoveActionGoal.py)
Linked: (/home/puzzlebot/ws/devel/.private/puzzlebot_controller/lib/python3/dist-packages/puzzlebot_controller/msg/_MoveFeedback.py, /home/puzzlebot/ws/devel/lib/python3/dist-packages/puzzlebot_controller/msg/_MoveFeedback.py)
Linked: (/home/puzzlebot/ws/devel/.private/puzzlebot_controller/lib/python3/dist-packages/puzzlebot_controller/msg/__init__.py, /home/puzzlebot/ws/devel/lib/python3/dist-packages/puzzlebot_controller/msg/__init__.py)
Linked: (/home/puzzlebot/ws/devel/.private/puzzlebot_controller/lib/python3/dist-packages/puzzlebot_controller/msg/_MoveGoal.py, /home/puzzlebot/ws/devel/lib/python3/dist-packages/puzzlebot_controller/msg/_MoveGoal.py)
Linked: (/home/puzzlebot/ws/devel/.private/puzzlebot_controller/lib/python3/dist-packages/puzzlebot_controller/msg/_MoveActionResult.py, /home/puzzlebot/ws/devel/lib/python3/dist-packages/puzzlebot_controller/msg/_MoveActionResult.py)
Linked: (/home/puzzlebot/ws/devel/.private/puzzlebot_controller/lib/python3/dist-packages/puzzlebot_controller/msg/_MoveActionFeedback.py, /home/puzzlebot/ws/devel/lib/python3/dist-packages/puzzlebot_controller/msg/_MoveActionFeedback.py)
Linked: (/home/puzzlebot/ws/devel/.private/puzzlebot_controller/lib/python3/dist-packages/puzzlebot_controller/msg/__pycache__/_MoveActionResult.cpython-36.pyc, /home/puzzlebot/ws/devel/lib/python3/dist-packages/puzzlebot_controller/msg/__pycache__/_MoveActionResult.cpython-36.pyc)
Linked: (/home/puzzlebot/ws/devel/.private/puzzlebot_controller/lib/python3/dist-packages/puzzlebot_controller/msg/__pycache__/_MoveActionGoal.cpython-36.pyc, /home/puzzlebot/ws/devel/lib/python3/dist-packages/puzzlebot_controller/msg/__pycache__/_MoveActionGoal.cpython-36.pyc)
Linked: (/home/puzzlebot/ws/devel/.private/puzzlebot_controller/lib/python3/dist-packages/puzzlebot_controller/msg/__pycache__/_MoveActionFeedback.cpython-36.pyc, /home/puzzlebot/ws/devel/lib/python3/dist-packages/puzzlebot_controller/msg/__pycache__/_MoveActionFeedback.cpython-36.pyc)
Linked: (/home/puzzlebot/ws/devel/.private/puzzlebot_controller/lib/python3/dist-packages/puzzlebot_controller/msg/__pycache__/_MoveFeedback.cpython-36.pyc, /home/puzzlebot/ws/devel/lib/python3/dist-packages/puzzlebot_controller/msg/__pycache__/_MoveFeedback.cpython-36.pyc)
Linked: (/home/puzzlebot/ws/devel/.private/puzzlebot_controller/lib/python3/dist-packages/puzzlebot_controller/msg/__pycache__/_MoveResult.cpython-36.pyc, /home/puzzlebot/ws/devel/lib/python3/dist-packages/puzzlebot_controller/msg/__pycache__/_MoveResult.cpython-36.pyc)
Linked: (/home/puzzlebot/ws/devel/.private/puzzlebot_controller/lib/python3/dist-packages/puzzlebot_controller/msg/__pycache__/_MoveGoal.cpython-36.pyc, /home/puzzlebot/ws/devel/lib/python3/dist-packages/puzzlebot_controller/msg/__pycache__/_MoveGoal.cpython-36.pyc)
Linked: (/home/puzzlebot/ws/devel/.private/puzzlebot_controller/lib/python3/dist-packages/puzzlebot_controller/msg/__pycache__/_MoveAction.cpython-36.pyc, /home/puzzlebot/ws/devel/lib/python3/dist-packages/puzzlebot_controller/msg/__pycache__/_MoveAction.cpython-36.pyc)
Linked: (/home/puzzlebot/ws/devel/.private/puzzlebot_controller/lib/python3/dist-packages/puzzlebot_controller/msg/__pycache__/__init__.cpython-36.pyc, /home/puzzlebot/ws/devel/lib/python3/dist-packages/puzzlebot_controller/msg/__pycache__/__init__.cpython-36.pyc)
Linked: (/home/puzzlebot/ws/devel/.private/puzzlebot_controller/lib/puzzlebot_controller/controller_node, /home/puzzlebot/ws/devel/lib/puzzlebot_controller/controller_node)
Linked: (/home/puzzlebot/ws/devel/.private/puzzlebot_controller/lib/puzzlebot_controller/state_machine_node, /home/puzzlebot/ws/devel/lib/puzzlebot_controller/state_machine_node)
Linked: (/home/puzzlebot/ws/devel/.private/puzzlebot_controller/share/common-lisp/ros/puzzlebot_controller/msg/_package_MoveResult.lisp, /home/puzzlebot/ws/devel/share/common-lisp/ros/puzzlebot_controller/msg/_package_MoveResult.lisp)
Linked: (/home/puzzlebot/ws/devel/.private/puzzlebot_controller/share/common-lisp/ros/puzzlebot_controller/msg/MoveFeedback.lisp, /home/puzzlebot/ws/devel/share/common-lisp/ros/puzzlebot_controller/msg/MoveFeedback.lisp)
Linked: (/home/puzzlebot/ws/devel/.private/puzzlebot_controller/share/common-lisp/ros/puzzlebot_controller/msg/puzzlebot_controller-msg.asd, /home/puzzlebot/ws/devel/share/common-lisp/ros/puzzlebot_controller/msg/puzzlebot_controller-msg.asd)
Linked: (/home/puzzlebot/ws/devel/.private/puzzlebot_controller/share/common-lisp/ros/puzzlebot_controller/msg/_package_MoveFeedback.lisp, /home/puzzlebot/ws/devel/share/common-lisp/ros/puzzlebot_controller/msg/_package_MoveFeedback.lisp)
Linked: (/home/puzzlebot/ws/devel/.private/puzzlebot_controller/share/common-lisp/ros/puzzlebot_controller/msg/_package_MoveActionFeedback.lisp, /home/puzzlebot/ws/devel/share/common-lisp/ros/puzzlebot_controller/msg/_package_MoveActionFeedback.lisp)
Linked: (/home/puzzlebot/ws/devel/.private/puzzlebot_controller/share/common-lisp/ros/puzzlebot_controller/msg/_package_MoveActionGoal.lisp, /home/puzzlebot/ws/devel/share/common-lisp/ros/puzzlebot_controller/msg/_package_MoveActionGoal.lisp)
Linked: (/home/puzzlebot/ws/devel/.private/puzzlebot_controller/share/common-lisp/ros/puzzlebot_controller/msg/MoveActionResult.lisp, /home/puzzlebot/ws/devel/share/common-lisp/ros/puzzlebot_controller/msg/MoveActionResult.lisp)
Linked: (/home/puzzlebot/ws/devel/.private/puzzlebot_controller/share/common-lisp/ros/puzzlebot_controller/msg/_package_MoveGoal.lisp, /home/puzzlebot/ws/devel/share/common-lisp/ros/puzzlebot_controller/msg/_package_MoveGoal.lisp)
Linked: (/home/puzzlebot/ws/devel/.private/puzzlebot_controller/share/common-lisp/ros/puzzlebot_controller/msg/MoveActionFeedback.lisp, /home/puzzlebot/ws/devel/share/common-lisp/ros/puzzlebot_controller/msg/MoveActionFeedback.lisp)
Linked: (/home/puzzlebot/ws/devel/.private/puzzlebot_controller/share/common-lisp/ros/puzzlebot_controller/msg/MoveAction.lisp, /home/puzzlebot/ws/devel/share/common-lisp/ros/puzzlebot_controller/msg/MoveAction.lisp)
Linked: (/home/puzzlebot/ws/devel/.private/puzzlebot_controller/share/common-lisp/ros/puzzlebot_controller/msg/_package_MoveAction.lisp, /home/puzzlebot/ws/devel/share/common-lisp/ros/puzzlebot_controller/msg/_package_MoveAction.lisp)
Linked: (/home/puzzlebot/ws/devel/.private/puzzlebot_controller/share/common-lisp/ros/puzzlebot_controller/msg/_package.lisp, /home/puzzlebot/ws/devel/share/common-lisp/ros/puzzlebot_controller/msg/_package.lisp)
Linked: (/home/puzzlebot/ws/devel/.private/puzzlebot_controller/share/common-lisp/ros/puzzlebot_controller/msg/MoveResult.lisp, /home/puzzlebot/ws/devel/share/common-lisp/ros/puzzlebot_controller/msg/MoveResult.lisp)
Linked: (/home/puzzlebot/ws/devel/.private/puzzlebot_controller/share/common-lisp/ros/puzzlebot_controller/msg/_package_MoveActionResult.lisp, /home/puzzlebot/ws/devel/share/common-lisp/ros/puzzlebot_controller/msg/_package_MoveActionResult.lisp)
Linked: (/home/puzzlebot/ws/devel/.private/puzzlebot_controller/share/common-lisp/ros/puzzlebot_controller/msg/MoveGoal.lisp, /home/puzzlebot/ws/devel/share/common-lisp/ros/puzzlebot_controller/msg/MoveGoal.lisp)
Linked: (/home/puzzlebot/ws/devel/.private/puzzlebot_controller/share/common-lisp/ros/puzzlebot_controller/msg/MoveActionGoal.lisp, /home/puzzlebot/ws/devel/share/common-lisp/ros/puzzlebot_controller/msg/MoveActionGoal.lisp)
Linked: (/home/puzzlebot/ws/devel/.private/puzzlebot_controller/share/gennodejs/ros/puzzlebot_controller/_index.js, /home/puzzlebot/ws/devel/share/gennodejs/ros/puzzlebot_controller/_index.js)
Linked: (/home/puzzlebot/ws/devel/.private/puzzlebot_controller/share/gennodejs/ros/puzzlebot_controller/msg/MoveActionGoal.js, /home/puzzlebot/ws/devel/share/gennodejs/ros/puzzlebot_controller/msg/MoveActionGoal.js)
Linked: (/home/puzzlebot/ws/devel/.private/puzzlebot_controller/share/gennodejs/ros/puzzlebot_controller/msg/MoveAction.js, /home/puzzlebot/ws/devel/share/gennodejs/ros/puzzlebot_controller/msg/MoveAction.js)
Linked: (/home/puzzlebot/ws/devel/.private/puzzlebot_controller/share/gennodejs/ros/puzzlebot_controller/msg/MoveGoal.js, /home/puzzlebot/ws/devel/share/gennodejs/ros/puzzlebot_controller/msg/MoveGoal.js)
Linked: (/home/puzzlebot/ws/devel/.private/puzzlebot_controller/share/gennodejs/ros/puzzlebot_controller/msg/MoveActionFeedback.js, /home/puzzlebot/ws/devel/share/gennodejs/ros/puzzlebot_controller/msg/MoveActionFeedback.js)
Linked: (/home/puzzlebot/ws/devel/.private/puzzlebot_controller/share/gennodejs/ros/puzzlebot_controller/msg/MoveActionResult.js, /home/puzzlebot/ws/devel/share/gennodejs/ros/puzzlebot_controller/msg/MoveActionResult.js)
Linked: (/home/puzzlebot/ws/devel/.private/puzzlebot_controller/share/gennodejs/ros/puzzlebot_controller/msg/MoveFeedback.js, /home/puzzlebot/ws/devel/share/gennodejs/ros/puzzlebot_controller/msg/MoveFeedback.js)
Linked: (/home/puzzlebot/ws/devel/.private/puzzlebot_controller/share/gennodejs/ros/puzzlebot_controller/msg/_index.js, /home/puzzlebot/ws/devel/share/gennodejs/ros/puzzlebot_controller/msg/_index.js)
Linked: (/home/puzzlebot/ws/devel/.private/puzzlebot_controller/share/gennodejs/ros/puzzlebot_controller/msg/MoveResult.js, /home/puzzlebot/ws/devel/share/gennodejs/ros/puzzlebot_controller/msg/MoveResult.js)
Linked: (/home/puzzlebot/ws/devel/.private/puzzlebot_controller/share/roseus/ros/puzzlebot_controller/manifest.l, /home/puzzlebot/ws/devel/share/roseus/ros/puzzlebot_controller/manifest.l)
Linked: (/home/puzzlebot/ws/devel/.private/puzzlebot_controller/share/roseus/ros/puzzlebot_controller/msg/MoveActionFeedback.l, /home/puzzlebot/ws/devel/share/roseus/ros/puzzlebot_controller/msg/MoveActionFeedback.l)
Linked: (/home/puzzlebot/ws/devel/.private/puzzlebot_controller/share/roseus/ros/puzzlebot_controller/msg/MoveActionGoal.l, /home/puzzlebot/ws/devel/share/roseus/ros/puzzlebot_controller/msg/MoveActionGoal.l)
Linked: (/home/puzzlebot/ws/devel/.private/puzzlebot_controller/share/roseus/ros/puzzlebot_controller/msg/MoveGoal.l, /home/puzzlebot/ws/devel/share/roseus/ros/puzzlebot_controller/msg/MoveGoal.l)
Linked: (/home/puzzlebot/ws/devel/.private/puzzlebot_controller/share/roseus/ros/puzzlebot_controller/msg/MoveFeedback.l, /home/puzzlebot/ws/devel/share/roseus/ros/puzzlebot_controller/msg/MoveFeedback.l)
Linked: (/home/puzzlebot/ws/devel/.private/puzzlebot_controller/share/roseus/ros/puzzlebot_controller/msg/MoveActionResult.l, /home/puzzlebot/ws/devel/share/roseus/ros/puzzlebot_controller/msg/MoveActionResult.l)
Linked: (/home/puzzlebot/ws/devel/.private/puzzlebot_controller/share/roseus/ros/puzzlebot_controller/msg/MoveAction.l, /home/puzzlebot/ws/devel/share/roseus/ros/puzzlebot_controller/msg/MoveAction.l)
Linked: (/home/puzzlebot/ws/devel/.private/puzzlebot_controller/share/roseus/ros/puzzlebot_controller/msg/MoveResult.l, /home/puzzlebot/ws/devel/share/roseus/ros/puzzlebot_controller/msg/MoveResult.l)
Linked: (/home/puzzlebot/ws/devel/.private/puzzlebot_controller/share/puzzlebot_controller/msg/MoveResult.msg, /home/puzzlebot/ws/devel/share/puzzlebot_controller/msg/MoveResult.msg)
Linked: (/home/puzzlebot/ws/devel/.private/puzzlebot_controller/share/puzzlebot_controller/msg/MoveFeedback.msg, /home/puzzlebot/ws/devel/share/puzzlebot_controller/msg/MoveFeedback.msg)
Linked: (/home/puzzlebot/ws/devel/.private/puzzlebot_controller/share/puzzlebot_controller/msg/MoveActionFeedback.msg, /home/puzzlebot/ws/devel/share/puzzlebot_controller/msg/MoveActionFeedback.msg)
Linked: (/home/puzzlebot/ws/devel/.private/puzzlebot_controller/share/puzzlebot_controller/msg/MoveActionGoal.msg, /home/puzzlebot/ws/devel/share/puzzlebot_controller/msg/MoveActionGoal.msg)
Linked: (/home/puzzlebot/ws/devel/.private/puzzlebot_controller/share/puzzlebot_controller/msg/MoveActionResult.msg, /home/puzzlebot/ws/devel/share/puzzlebot_controller/msg/MoveActionResult.msg)
Linked: (/home/puzzlebot/ws/devel/.private/puzzlebot_controller/share/puzzlebot_controller/msg/MoveAction.msg, /home/puzzlebot/ws/devel/share/puzzlebot_controller/msg/MoveAction.msg)
Linked: (/home/puzzlebot/ws/devel/.private/puzzlebot_controller/share/puzzlebot_controller/msg/MoveGoal.msg, /home/puzzlebot/ws/devel/share/puzzlebot_controller/msg/MoveGoal.msg)
Linked: (/home/puzzlebot/ws/devel/.private/puzzlebot_controller/share/puzzlebot_controller/cmake/puzzlebot_controller-msg-extras.cmake, /home/puzzlebot/ws/devel/share/puzzlebot_controller/cmake/puzzlebot_controller-msg-extras.cmake)
Linked: (/home/puzzlebot/ws/devel/.private/puzzlebot_controller/share/puzzlebot_controller/cmake/puzzlebot_controller-msg-paths.cmake, /home/puzzlebot/ws/devel/share/puzzlebot_controller/cmake/puzzlebot_controller-msg-paths.cmake)
Linked: (/home/puzzlebot/ws/devel/.private/puzzlebot_controller/share/puzzlebot_controller/cmake/puzzlebot_controllerConfig.cmake, /home/puzzlebot/ws/devel/share/puzzlebot_controller/cmake/puzzlebot_controllerConfig.cmake)
Linked: (/home/puzzlebot/ws/devel/.private/puzzlebot_controller/share/puzzlebot_controller/cmake/puzzlebot_controllerConfig-version.cmake, /home/puzzlebot/ws/devel/share/puzzlebot_controller/cmake/puzzlebot_controllerConfig-version.cmake)
